xrun(64): 24.03-s004: (c) Copyright 1995-2024 Cadence Design Systems, Inc.
TOOL:	xrun(64)	24.03-s004: Started on Dec 01, 2025 at 12:17:19 CET
xrun
	sin_tb.sv
Loading snapshot worklib.sin_tb:sv .................... Done
xcelium> source /eda/cadence/2024-25/RHELx86/XCELIUM_24.03.004/tools/xcelium/files/xmsimrc
xcelium> run
Archivo de entrada './sin_input.txt' abierto correctamente. Descriptor: -2147483645
Archivo de salida './sin_output.txt' abierto correctamente.
Leyendo datos de './sin_input.txt' y escribiendo resultados en './sin_output.txt'...
DEBUG: Valor de ret = 2, time_val = 0.000000, signal_val = 0.000000
DEBUG: Valor de ret = 2, time_val = 0.000023, signal_val = 0.141994
DEBUG: Valor de ret = 2, time_val = 0.000045, signal_val = 0.281111
DEBUG: Valor de ret = 2, time_val = 0.000068, signal_val = 0.414531
DEBUG: Valor de ret = 2, time_val = 0.000091, signal_val = 0.539551
DEBUG: Valor de ret = 2, time_val = 0.000113, signal_val = 0.653636
DEBUG: Valor de ret = 2, time_val = 0.000136, signal_val = 0.754476
DEBUG: Valor de ret = 2, time_val = 0.000159, signal_val = 0.840026
DEBUG: Valor de ret = 2, time_val = 0.000181, signal_val = 0.908553
DEBUG: Valor de ret = 2, time_val = 0.000204, signal_val = 0.958668
DEBUG: Valor de ret = 2, time_val = 0.000227, signal_val = 0.989355
DEBUG: Valor de ret = 2, time_val = 0.000249, signal_val = 0.999994
DEBUG: Valor de ret = 2, time_val = 0.000272, signal_val = 0.990367
DEBUG: Valor de ret = 2, time_val = 0.000295, signal_val = 0.960670
DEBUG: Valor de ret = 2, time_val = 0.000317, signal_val = 0.911506
DEBUG: Valor de ret = 2, time_val = 0.000340, signal_val = 0.843870
DEBUG: Valor de ret = 2, time_val = 0.000363, signal_val = 0.759132
DEBUG: Valor de ret = 2, time_val = 0.000385, signal_val = 0.659011
DEBUG: Valor de ret = 2, time_val = 0.000408, signal_val = 0.545535
DEBUG: Valor de ret = 2, time_val = 0.000431, signal_val = 0.421004
DEBUG: Valor de ret = 2, time_val = 0.000454, signal_val = 0.287940
DEBUG: Valor de ret = 2, time_val = 0.000476, signal_val = 0.149042
DEBUG: Valor de ret = 2, time_val = 0.000499, signal_val = 0.007124
DEBUG: Valor de ret = 2, time_val = 0.000522, signal_val = -0.134939
DEBUG: Valor de ret = 2, time_val = 0.000544, signal_val = -0.274268
DEBUG: Valor de ret = 2, time_val = 0.000567, signal_val = -0.408038
DEBUG: Valor de ret = 2, time_val = 0.000590, signal_val = -0.533539
DEBUG: Valor de ret = 2, time_val = 0.000612, signal_val = -0.648228
DEBUG: Valor de ret = 2, time_val = 0.000635, signal_val = -0.749781
DEBUG: Valor de ret = 2, time_val = 0.000658, signal_val = -0.836140
DEBUG: Valor de ret = 2, time_val = 0.000680, signal_val = -0.905554
DEBUG: Valor de ret = 2, time_val = 0.000703, signal_val = -0.956617
DEBUG: Valor de ret = 2, time_val = 0.000726, signal_val = -0.988294
DEBUG: Valor de ret = 2, time_val = 0.000748, signal_val = -0.999943
DEBUG: Valor de ret = 2, time_val = 0.000771, signal_val = -0.991328
DEBUG: Valor de ret = 2, time_val = 0.000794, signal_val = -0.962624
DEBUG: Valor de ret = 2, time_val = 0.000816, signal_val = -0.914413
DEBUG: Valor de ret = 2, time_val = 0.000839, signal_val = -0.847670
DEBUG: Valor de ret = 2, time_val = 0.000862, signal_val = -0.763750
DEBUG: Valor de ret = 2, time_val = 0.000884, signal_val = -0.664352
DEBUG: Valor de ret = 2, time_val = 0.000907, signal_val = -0.551491
DEBUG: Valor de ret = 2, time_val = 0.000930, signal_val = -0.427454
DEBUG: Valor de ret = 2, time_val = 0.000952, signal_val = -0.294755
DEBUG: Valor de ret = 2, time_val = 0.000975, signal_val = -0.156083
DEBUG: Valor de ret = 2, time_val = 0.000998, signal_val = -0.014247
DEBUG: Valor de ret = 2, time_val = 0.001020, signal_val = 0.127877
DEBUG: Valor de ret = 2, time_val = 0.001043, signal_val = 0.267410
DEBUG: Valor de ret = 2, time_val = 0.001066, signal_val = 0.401524
DEBUG: Valor de ret = 2, time_val = 0.001088, signal_val = 0.527501
DEBUG: Valor de ret = 2, time_val = 0.001111, signal_val = 0.642788
DEBUG: Valor de ret = 2, time_val = 0.001134, signal_val = 0.745049
DEBUG: Valor de ret = 2, time_val = 0.001156, signal_val = 0.832211
DEBUG: Valor de ret = 2, time_val = 0.001179, signal_val = 0.902509
DEBUG: Valor de ret = 2, time_val = 0.001202, signal_val = 0.954517
DEBUG: Valor de ret = 2, time_val = 0.001224, signal_val = 0.987182
DEBUG: Valor de ret = 2, time_val = 0.001247, signal_val = 0.999841
DEBUG: Valor de ret = 2, time_val = 0.001270, signal_val = 0.992239
DEBUG: Valor de ret = 2, time_val = 0.001293, signal_val = 0.964529
DEBUG: Valor de ret = 2, time_val = 0.001315, signal_val = 0.917273
DEBUG: Valor de ret = 2, time_val = 0.001338, signal_val = 0.851428
DEBUG: Valor de ret = 2, time_val = 0.001361, signal_val = 0.768329
DEBUG: Valor de ret = 2, time_val = 0.001383, signal_val = 0.669660
DEBUG: Valor de ret = 2, time_val = 0.001406, signal_val = 0.557420
DEBUG: Valor de ret = 2, time_val = 0.001429, signal_val = 0.433884
DEBUG: Valor de ret = 2, time_val = 0.001451, signal_val = 0.301555
DEBUG: Valor de ret = 2, time_val = 0.001474, signal_val = 0.163115
DEBUG: Valor de ret = 2, time_val = 0.001497, signal_val = 0.021370
DEBUG: Valor de ret = 2, time_val = 0.001519, signal_val = -0.120809
DEBUG: Valor de ret = 2, time_val = 0.001542, signal_val = -0.260539
DEBUG: Valor de ret = 2, time_val = 0.001565, signal_val = -0.394989
DEBUG: Valor de ret = 2, time_val = 0.001587, signal_val = -0.521435
DEBUG: Valor de ret = 2, time_val = 0.001610, signal_val = -0.637314
DEBUG: Valor de ret = 2, time_val = 0.001633, signal_val = -0.740278
DEBUG: Valor de ret = 2, time_val = 0.001655, signal_val = -0.828240
DEBUG: Valor de ret = 2, time_val = 0.001678, signal_val = -0.899418
DEBUG: Valor de ret = 2, time_val = 0.001701, signal_val = -0.952369
DEBUG: Valor de ret = 2, time_val = 0.001723, signal_val = -0.986020
DEBUG: Valor de ret = 2, time_val = 0.001746, signal_val = -0.999689
DEBUG: Valor de ret = 2, time_val = 0.001769, signal_val = -0.993100
DEBUG: Valor de ret = 2, time_val = 0.001791, signal_val = -0.966385
DEBUG: Valor de ret = 2, time_val = 0.001814, signal_val = -0.920087
DEBUG: Valor de ret = 2, time_val = 0.001837, signal_val = -0.855143
DEBUG: Valor de ret = 2, time_val = 0.001859, signal_val = -0.772869
DEBUG: Valor de ret = 2, time_val = 0.001882, signal_val = -0.674933
DEBUG: Valor de ret = 2, time_val = 0.001905, signal_val = -0.563320
DEBUG: Valor de ret = 2, time_val = 0.001927, signal_val = -0.440291
DEBUG: Valor de ret = 2, time_val = 0.001950, signal_val = -0.308339
DEBUG: Valor de ret = 2, time_val = 0.001973, signal_val = -0.170139
DEBUG: Valor de ret = 2, time_val = 0.001995, signal_val = -0.028491
DEBUG: Valor de ret = 2, time_val = 0.002018, signal_val = 0.113734
DEBUG: Valor de ret = 2, time_val = 0.002041, signal_val = 0.253655
DEBUG: Valor de ret = 2, time_val = 0.002063, signal_val = 0.388435
DEBUG: Valor de ret = 2, time_val = 0.002086, signal_val = 0.515343
DEBUG: Valor de ret = 2, time_val = 0.002109, signal_val = 0.631808
DEBUG: Valor de ret = 2, time_val = 0.002132, signal_val = 0.735470
DEBUG: Valor de ret = 2, time_val = 0.002154, signal_val = 0.824227
DEBUG: Valor de ret = 2, time_val = 0.002177, signal_val = 0.896281
DEBUG: Valor de ret = 2, time_val = 0.002200, signal_val = 0.950172
DEBUG: Valor de ret = 2, time_val = 0.002222, signal_val = 0.984808
DEBUG: Valor de ret = 2, time_val = 0.002245, signal_val = 0.999486
DEBUG: Valor de ret = 2, time_val = 0.002268, signal_val = 0.993910
DEBUG: Valor de ret = 2, time_val = 0.002290, signal_val = 0.968192
DEBUG: Valor de ret = 2, time_val = 0.002313, signal_val = 0.922854
DEBUG: Valor de ret = 2, time_val = 0.002336, signal_val = 0.858814
DEBUG: Valor de ret = 2, time_val = 0.002358, signal_val = 0.777370
DEBUG: Valor de ret = 2, time_val = 0.002381, signal_val = 0.680173
DEBUG: Valor de ret = 2, time_val = 0.002404, signal_val = 0.569192
DEBUG: Valor de ret = 2, time_val = 0.002426, signal_val = 0.446676
DEBUG: Valor de ret = 2, time_val = 0.002449, signal_val = 0.315108
DEBUG: Valor de ret = 2, time_val = 0.002472, signal_val = 0.177155
DEBUG: Valor de ret = 2, time_val = 0.002494, signal_val = 0.035611
DEBUG: Valor de ret = 2, time_val = 0.002517, signal_val = -0.106654
DEBUG: Valor de ret = 2, time_val = 0.002540, signal_val = -0.246757
DEBUG: Valor de ret = 2, time_val = 0.002562, signal_val = -0.381861
DEBUG: Valor de ret = 2, time_val = 0.002585, signal_val = -0.509225
DEBUG: Valor de ret = 2, time_val = 0.002608, signal_val = -0.626271
DEBUG: Valor de ret = 2, time_val = 0.002630, signal_val = -0.730625
DEBUG: Valor de ret = 2, time_val = 0.002653, signal_val = -0.820172
DEBUG: Valor de ret = 2, time_val = 0.002676, signal_val = -0.893099
DEBUG: Valor de ret = 2, time_val = 0.002698, signal_val = -0.947927
DEBUG: Valor de ret = 2, time_val = 0.002721, signal_val = -0.983546
DEBUG: Valor de ret = 2, time_val = 0.002744, signal_val = -0.999233
DEBUG: Valor de ret = 2, time_val = 0.002766, signal_val = -0.994670
DEBUG: Valor de ret = 2, time_val = 0.002789, signal_val = -0.969950
DEBUG: Valor de ret = 2, time_val = 0.002812, signal_val = -0.925574
DEBUG: Valor de ret = 2, time_val = 0.002834, signal_val = -0.862442
DEBUG: Valor de ret = 2, time_val = 0.002857, signal_val = -0.781831
DEBUG: Valor de ret = 2, time_val = 0.002880, signal_val = -0.685378
DEBUG: Valor de ret = 2, time_val = 0.002902, signal_val = -0.575034
DEBUG: Valor de ret = 2, time_val = 0.002925, signal_val = -0.453038
DEBUG: Valor de ret = 2, time_val = 0.002948, signal_val = -0.321861
DEBUG: Valor de ret = 2, time_val = 0.002971, signal_val = -0.184161
DEBUG: Valor de ret = 2, time_val = 0.002993, signal_val = -0.042730
DEBUG: Valor de ret = 2, time_val = 0.003016, signal_val = 0.099568
DEBUG: Valor de ret = 2, time_val = 0.003039, signal_val = 0.239848
DEBUG: Valor de ret = 2, time_val = 0.003061, signal_val = 0.375267
DEBUG: Valor de ret = 2, time_val = 0.003084, signal_val = 0.503082
DEBUG: Valor de ret = 2, time_val = 0.003107, signal_val = 0.620701
DEBUG: Valor de ret = 2, time_val = 0.003129, signal_val = 0.725742
DEBUG: Valor de ret = 2, time_val = 0.003152, signal_val = 0.816076
DEBUG: Valor de ret = 2, time_val = 0.003175, signal_val = 0.889872
DEBUG: Valor de ret = 2, time_val = 0.003197, signal_val = 0.945634
DEBUG: Valor de ret = 2, time_val = 0.003220, signal_val = 0.982234
DEBUG: Valor de ret = 2, time_val = 0.003243, signal_val = 0.998928
DEBUG: Valor de ret = 2, time_val = 0.003265, signal_val = 0.995379
DEBUG: Valor de ret = 2, time_val = 0.003288, signal_val = 0.971659
DEBUG: Valor de ret = 2, time_val = 0.003311, signal_val = 0.928248
DEBUG: Valor de ret = 2, time_val = 0.003333, signal_val = 0.866025
DEBUG: Valor de ret = 2, time_val = 0.003356, signal_val = 0.786253
DEBUG: Valor de ret = 2, time_val = 0.003379, signal_val = 0.690548
DEBUG: Valor de ret = 2, time_val = 0.003401, signal_val = 0.580848
DEBUG: Valor de ret = 2, time_val = 0.003424, signal_val = 0.459377
DEBUG: Valor de ret = 2, time_val = 0.003447, signal_val = 0.328598
DEBUG: Valor de ret = 2, time_val = 0.003469, signal_val = 0.191159
DEBUG: Valor de ret = 2, time_val = 0.003492, signal_val = 0.049846
DEBUG: Valor de ret = 2, time_val = 0.003515, signal_val = -0.092477
DEBUG: Valor de ret = 2, time_val = 0.003537, signal_val = -0.232926
DEBUG: Valor de ret = 2, time_val = 0.003560, signal_val = -0.368654
DEBUG: Valor de ret = 2, time_val = 0.003583, signal_val = -0.496912
DEBUG: Valor de ret = 2, time_val = 0.003605, signal_val = -0.615100
DEBUG: Valor de ret = 2, time_val = 0.003628, signal_val = -0.720823
DEBUG: Valor de ret = 2, time_val = 0.003651, signal_val = -0.811938
DEBUG: Valor de ret = 2, time_val = 0.003673, signal_val = -0.886599
DEBUG: Valor de ret = 2, time_val = 0.003696, signal_val = -0.943294
DEBUG: Valor de ret = 2, time_val = 0.003719, signal_val = -0.980872
DEBUG: Valor de ret = 2, time_val = 0.003741, signal_val = -0.998573
DEBUG: Valor de ret = 2, time_val = 0.003764, signal_val = -0.996038
DEBUG: Valor de ret = 2, time_val = 0.003787, signal_val = -0.973318
DEBUG: Valor de ret = 2, time_val = 0.003810, signal_val = -0.930874
DEBUG: Valor de ret = 2, time_val = 0.003832, signal_val = -0.869565
DEBUG: Valor de ret = 2, time_val = 0.003855, signal_val = -0.790635
DEBUG: Valor de ret = 2, time_val = 0.003878, signal_val = -0.695683
DEBUG: Valor de ret = 2, time_val = 0.003900, signal_val = -0.586632
DEBUG: Valor de ret = 2, time_val = 0.003923, signal_val = -0.465693
DEBUG: Valor de ret = 2, time_val = 0.003946, signal_val = -0.335317
DEBUG: Valor de ret = 2, time_val = 0.003968, signal_val = -0.198146
DEBUG: Valor de ret = 2, time_val = 0.003991, signal_val = -0.056959
DEBUG: Valor de ret = 2, time_val = 0.004014, signal_val = 0.085381
DEBUG: Valor de ret = 2, time_val = 0.004036, signal_val = 0.225992
DEBUG: Valor de ret = 2, time_val = 0.004059, signal_val = 0.362023
DEBUG: Valor de ret = 2, time_val = 0.004082, signal_val = 0.490718
DEBUG: Valor de ret = 2, time_val = 0.004104, signal_val = 0.609468
DEBUG: Valor de ret = 2, time_val = 0.004127, signal_val = 0.715867
DEBUG: Valor de ret = 2, time_val = 0.004150, signal_val = 0.807759
DEBUG: Valor de ret = 2, time_val = 0.004172, signal_val = 0.883282
DEBUG: Valor de ret = 2, time_val = 0.004195, signal_val = 0.940905
DEBUG: Valor de ret = 2, time_val = 0.004218, signal_val = 0.979460
DEBUG: Valor de ret = 2, time_val = 0.004240, signal_val = 0.998167
DEBUG: Valor de ret = 2, time_val = 0.004263, signal_val = 0.996646
DEBUG: Valor de ret = 2, time_val = 0.004286, signal_val = 0.974928
DEBUG: Valor de ret = 2, time_val = 0.004308, signal_val = 0.933453
DEBUG: Valor de ret = 2, time_val = 0.004331, signal_val = 0.873061
DEBUG: Valor de ret = 2, time_val = 0.004354, signal_val = 0.794977
DEBUG: Valor de ret = 2, time_val = 0.004376, signal_val = 0.700782
DEBUG: Valor de ret = 2, time_val = 0.004399, signal_val = 0.592386
DEBUG: Valor de ret = 2, time_val = 0.004422, signal_val = 0.471986
DEBUG: Valor de ret = 2, time_val = 0.004444, signal_val = 0.342020
DEBUG: Valor de ret = 2, time_val = 0.004467, signal_val = 0.205124
DEBUG: Valor de ret = 2, time_val = 0.004490, signal_val = 0.064070
DEBUG: Valor de ret = 2, time_val = 0.004512, signal_val = -0.078282
DEBUG: Valor de ret = 2, time_val = 0.004535, signal_val = -0.219047
DEBUG: Valor de ret = 2, time_val = 0.004558, signal_val = -0.355373
DEBUG: Valor de ret = 2, time_val = 0.004580, signal_val = -0.484498
DEBUG: Valor de ret = 2, time_val = 0.004603, signal_val = -0.603804
DEBUG: Valor de ret = 2, time_val = 0.004626, signal_val = -0.710875
DEBUG: Valor de ret = 2, time_val = 0.004649, signal_val = -0.803539
DEBUG: Valor de ret = 2, time_val = 0.004671, signal_val = -0.879919
DEBUG: Valor de ret = 2, time_val = 0.004694, signal_val = -0.938468
DEBUG: Valor de ret = 2, time_val = 0.004717, signal_val = -0.977999
DEBUG: Valor de ret = 2, time_val = 0.004739, signal_val = -0.997711
DEBUG: Valor de ret = 2, time_val = 0.004762, signal_val = -0.997204
DEBUG: Valor de ret = 2, time_val = 0.004785, signal_val = -0.976488
DEBUG: Valor de ret = 2, time_val = 0.004807, signal_val = -0.935984
DEBUG: Valor de ret = 2, time_val = 0.004830, signal_val = -0.876513
DEBUG: Valor de ret = 2, time_val = 0.004853, signal_val = -0.799278
DEBUG: Valor de ret = 2, time_val = 0.004875, signal_val = -0.705846
DEBUG: Valor de ret = 2, time_val = 0.004898, signal_val = -0.598111
DEBUG: Valor de ret = 2, time_val = 0.004921, signal_val = -0.478254
DEBUG: Valor de ret = 2, time_val = 0.004943, signal_val = -0.348706
DEBUG: Valor de ret = 2, time_val = 0.004966, signal_val = -0.212091
DEBUG: Valor de ret = 2, time_val = 0.004989, signal_val = -0.071178
DEBUG: Valor de ret = 2, time_val = 0.005011, signal_val = 0.071178
DEBUG: Valor de ret = 2, time_val = 0.005034, signal_val = 0.212091
DEBUG: Valor de ret = 2, time_val = 0.005057, signal_val = 0.348706
DEBUG: Valor de ret = 2, time_val = 0.005079, signal_val = 0.478254
DEBUG: Valor de ret = 2, time_val = 0.005102, signal_val = 0.598111
DEBUG: Valor de ret = 2, time_val = 0.005125, signal_val = 0.705846
DEBUG: Valor de ret = 2, time_val = 0.005147, signal_val = 0.799278
DEBUG: Valor de ret = 2, time_val = 0.005170, signal_val = 0.876513
DEBUG: Valor de ret = 2, time_val = 0.005193, signal_val = 0.935984
DEBUG: Valor de ret = 2, time_val = 0.005215, signal_val = 0.976488
DEBUG: Valor de ret = 2, time_val = 0.005238, signal_val = 0.997204
DEBUG: Valor de ret = 2, time_val = 0.005261, signal_val = 0.997711
DEBUG: Valor de ret = 2, time_val = 0.005283, signal_val = 0.977999
DEBUG: Valor de ret = 2, time_val = 0.005306, signal_val = 0.938468
DEBUG: Valor de ret = 2, time_val = 0.005329, signal_val = 0.879919
DEBUG: Valor de ret = 2, time_val = 0.005351, signal_val = 0.803539
DEBUG: Valor de ret = 2, time_val = 0.005374, signal_val = 0.710875
DEBUG: Valor de ret = 2, time_val = 0.005397, signal_val = 0.603804
DEBUG: Valor de ret = 2, time_val = 0.005420, signal_val = 0.484498
DEBUG: Valor de ret = 2, time_val = 0.005442, signal_val = 0.355373
DEBUG: Valor de ret = 2, time_val = 0.005465, signal_val = 0.219047
DEBUG: Valor de ret = 2, time_val = 0.005488, signal_val = 0.078282
DEBUG: Valor de ret = 2, time_val = 0.005510, signal_val = -0.064070
DEBUG: Valor de ret = 2, time_val = 0.005533, signal_val = -0.205124
DEBUG: Valor de ret = 2, time_val = 0.005556, signal_val = -0.342020
DEBUG: Valor de ret = 2, time_val = 0.005578, signal_val = -0.471986
DEBUG: Valor de ret = 2, time_val = 0.005601, signal_val = -0.592386
DEBUG: Valor de ret = 2, time_val = 0.005624, signal_val = -0.700782
DEBUG: Valor de ret = 2, time_val = 0.005646, signal_val = -0.794977
DEBUG: Valor de ret = 2, time_val = 0.005669, signal_val = -0.873061
DEBUG: Valor de ret = 2, time_val = 0.005692, signal_val = -0.933453
DEBUG: Valor de ret = 2, time_val = 0.005714, signal_val = -0.974928
DEBUG: Valor de ret = 2, time_val = 0.005737, signal_val = -0.996646
DEBUG: Valor de ret = 2, time_val = 0.005760, signal_val = -0.998167
DEBUG: Valor de ret = 2, time_val = 0.005782, signal_val = -0.979460
DEBUG: Valor de ret = 2, time_val = 0.005805, signal_val = -0.940905
DEBUG: Valor de ret = 2, time_val = 0.005828, signal_val = -0.883282
DEBUG: Valor de ret = 2, time_val = 0.005850, signal_val = -0.807759
DEBUG: Valor de ret = 2, time_val = 0.005873, signal_val = -0.715867
DEBUG: Valor de ret = 2, time_val = 0.005896, signal_val = -0.609468
DEBUG: Valor de ret = 2, time_val = 0.005918, signal_val = -0.490718
DEBUG: Valor de ret = 2, time_val = 0.005941, signal_val = -0.362023
DEBUG: Valor de ret = 2, time_val = 0.005964, signal_val = -0.225992
DEBUG: Valor de ret = 2, time_val = 0.005986, signal_val = -0.085381
DEBUG: Valor de ret = 2, time_val = 0.006009, signal_val = 0.056959
DEBUG: Valor de ret = 2, time_val = 0.006032, signal_val = 0.198146
DEBUG: Valor de ret = 2, time_val = 0.006054, signal_val = 0.335317
DEBUG: Valor de ret = 2, time_val = 0.006077, signal_val = 0.465693
DEBUG: Valor de ret = 2, time_val = 0.006100, signal_val = 0.586632
DEBUG: Valor de ret = 2, time_val = 0.006122, signal_val = 0.695683
DEBUG: Valor de ret = 2, time_val = 0.006145, signal_val = 0.790635
DEBUG: Valor de ret = 2, time_val = 0.006168, signal_val = 0.869565
DEBUG: Valor de ret = 2, time_val = 0.006190, signal_val = 0.930874
DEBUG: Valor de ret = 2, time_val = 0.006213, signal_val = 0.973318
DEBUG: Valor de ret = 2, time_val = 0.006236, signal_val = 0.996038
DEBUG: Valor de ret = 2, time_val = 0.006259, signal_val = 0.998573
DEBUG: Valor de ret = 2, time_val = 0.006281, signal_val = 0.980872
DEBUG: Valor de ret = 2, time_val = 0.006304, signal_val = 0.943294
DEBUG: Valor de ret = 2, time_val = 0.006327, signal_val = 0.886599
DEBUG: Valor de ret = 2, time_val = 0.006349, signal_val = 0.811938
DEBUG: Valor de ret = 2, time_val = 0.006372, signal_val = 0.720823
DEBUG: Valor de ret = 2, time_val = 0.006395, signal_val = 0.615100
DEBUG: Valor de ret = 2, time_val = 0.006417, signal_val = 0.496912
DEBUG: Valor de ret = 2, time_val = 0.006440, signal_val = 0.368654
DEBUG: Valor de ret = 2, time_val = 0.006463, signal_val = 0.232926
DEBUG: Valor de ret = 2, time_val = 0.006485, signal_val = 0.092477
DEBUG: Valor de ret = 2, time_val = 0.006508, signal_val = -0.049846
DEBUG: Valor de ret = 2, time_val = 0.006531, signal_val = -0.191159
DEBUG: Valor de ret = 2, time_val = 0.006553, signal_val = -0.328598
DEBUG: Valor de ret = 2, time_val = 0.006576, signal_val = -0.459377
DEBUG: Valor de ret = 2, time_val = 0.006599, signal_val = -0.580848
DEBUG: Valor de ret = 2, time_val = 0.006621, signal_val = -0.690548
DEBUG: Valor de ret = 2, time_val = 0.006644, signal_val = -0.786253
DEBUG: Valor de ret = 2, time_val = 0.006667, signal_val = -0.866025
DEBUG: Valor de ret = 2, time_val = 0.006689, signal_val = -0.928248
DEBUG: Valor de ret = 2, time_val = 0.006712, signal_val = -0.971659
DEBUG: Valor de ret = 2, time_val = 0.006735, signal_val = -0.995379
DEBUG: Valor de ret = 2, time_val = 0.006757, signal_val = -0.998928
DEBUG: Valor de ret = 2, time_val = 0.006780, signal_val = -0.982234
DEBUG: Valor de ret = 2, time_val = 0.006803, signal_val = -0.945634
DEBUG: Valor de ret = 2, time_val = 0.006825, signal_val = -0.889872
DEBUG: Valor de ret = 2, time_val = 0.006848, signal_val = -0.816076
DEBUG: Valor de ret = 2, time_val = 0.006871, signal_val = -0.725742
DEBUG: Valor de ret = 2, time_val = 0.006893, signal_val = -0.620701
DEBUG: Valor de ret = 2, time_val = 0.006916, signal_val = -0.503082
DEBUG: Valor de ret = 2, time_val = 0.006939, signal_val = -0.375267
DEBUG: Valor de ret = 2, time_val = 0.006961, signal_val = -0.239848
DEBUG: Valor de ret = 2, time_val = 0.006984, signal_val = -0.099568
DEBUG: Valor de ret = 2, time_val = 0.007007, signal_val = 0.042730
DEBUG: Valor de ret = 2, time_val = 0.007029, signal_val = 0.184161
DEBUG: Valor de ret = 2, time_val = 0.007052, signal_val = 0.321861
DEBUG: Valor de ret = 2, time_val = 0.007075, signal_val = 0.453038
DEBUG: Valor de ret = 2, time_val = 0.007098, signal_val = 0.575034
DEBUG: Valor de ret = 2, time_val = 0.007120, signal_val = 0.685378
DEBUG: Valor de ret = 2, time_val = 0.007143, signal_val = 0.781831
DEBUG: Valor de ret = 2, time_val = 0.007166, signal_val = 0.862442
DEBUG: Valor de ret = 2, time_val = 0.007188, signal_val = 0.925574
DEBUG: Valor de ret = 2, time_val = 0.007211, signal_val = 0.969950
DEBUG: Valor de ret = 2, time_val = 0.007234, signal_val = 0.994670
DEBUG: Valor de ret = 2, time_val = 0.007256, signal_val = 0.999233
DEBUG: Valor de ret = 2, time_val = 0.007279, signal_val = 0.983546
DEBUG: Valor de ret = 2, time_val = 0.007302, signal_val = 0.947927
DEBUG: Valor de ret = 2, time_val = 0.007324, signal_val = 0.893099
DEBUG: Valor de ret = 2, time_val = 0.007347, signal_val = 0.820172
DEBUG: Valor de ret = 2, time_val = 0.007370, signal_val = 0.730625
DEBUG: Valor de ret = 2, time_val = 0.007392, signal_val = 0.626271
DEBUG: Valor de ret = 2, time_val = 0.007415, signal_val = 0.509225
DEBUG: Valor de ret = 2, time_val = 0.007438, signal_val = 0.381861
DEBUG: Valor de ret = 2, time_val = 0.007460, signal_val = 0.246757
DEBUG: Valor de ret = 2, time_val = 0.007483, signal_val = 0.106654
DEBUG: Valor de ret = 2, time_val = 0.007506, signal_val = -0.035611
DEBUG: Valor de ret = 2, time_val = 0.007528, signal_val = -0.177155
DEBUG: Valor de ret = 2, time_val = 0.007551, signal_val = -0.315108
DEBUG: Valor de ret = 2, time_val = 0.007574, signal_val = -0.446676
DEBUG: Valor de ret = 2, time_val = 0.007596, signal_val = -0.569192
DEBUG: Valor de ret = 2, time_val = 0.007619, signal_val = -0.680173
DEBUG: Valor de ret = 2, time_val = 0.007642, signal_val = -0.777370
DEBUG: Valor de ret = 2, time_val = 0.007664, signal_val = -0.858814
DEBUG: Valor de ret = 2, time_val = 0.007687, signal_val = -0.922854
DEBUG: Valor de ret = 2, time_val = 0.007710, signal_val = -0.968192
DEBUG: Valor de ret = 2, time_val = 0.007732, signal_val = -0.993910
DEBUG: Valor de ret = 2, time_val = 0.007755, signal_val = -0.999486
DEBUG: Valor de ret = 2, time_val = 0.007778, signal_val = -0.984808
DEBUG: Valor de ret = 2, time_val = 0.007800, signal_val = -0.950172
DEBUG: Valor de ret = 2, time_val = 0.007823, signal_val = -0.896281
DEBUG: Valor de ret = 2, time_val = 0.007846, signal_val = -0.824227
DEBUG: Valor de ret = 2, time_val = 0.007868, signal_val = -0.735470
DEBUG: Valor de ret = 2, time_val = 0.007891, signal_val = -0.631808
DEBUG: Valor de ret = 2, time_val = 0.007914, signal_val = -0.515343
DEBUG: Valor de ret = 2, time_val = 0.007937, signal_val = -0.388435
DEBUG: Valor de ret = 2, time_val = 0.007959, signal_val = -0.253655
DEBUG: Valor de ret = 2, time_val = 0.007982, signal_val = -0.113734
DEBUG: Valor de ret = 2, time_val = 0.008005, signal_val = 0.028491
DEBUG: Valor de ret = 2, time_val = 0.008027, signal_val = 0.170139
DEBUG: Valor de ret = 2, time_val = 0.008050, signal_val = 0.308339
DEBUG: Valor de ret = 2, time_val = 0.008073, signal_val = 0.440291
DEBUG: Valor de ret = 2, time_val = 0.008095, signal_val = 0.563320
DEBUG: Valor de ret = 2, time_val = 0.008118, signal_val = 0.674933
DEBUG: Valor de ret = 2, time_val = 0.008141, signal_val = 0.772869
DEBUG: Valor de ret = 2, time_val = 0.008163, signal_val = 0.855143
DEBUG: Valor de ret = 2, time_val = 0.008186, signal_val = 0.920087
DEBUG: Valor de ret = 2, time_val = 0.008209, signal_val = 0.966385
DEBUG: Valor de ret = 2, time_val = 0.008231, signal_val = 0.993100
DEBUG: Valor de ret = 2, time_val = 0.008254, signal_val = 0.999689
DEBUG: Valor de ret = 2, time_val = 0.008277, signal_val = 0.986020
DEBUG: Valor de ret = 2, time_val = 0.008299, signal_val = 0.952369
DEBUG: Valor de ret = 2, time_val = 0.008322, signal_val = 0.899418
DEBUG: Valor de ret = 2, time_val = 0.008345, signal_val = 0.828240
DEBUG: Valor de ret = 2, time_val = 0.008367, signal_val = 0.740278
DEBUG: Valor de ret = 2, time_val = 0.008390, signal_val = 0.637314
DEBUG: Valor de ret = 2, time_val = 0.008413, signal_val = 0.521435
DEBUG: Valor de ret = 2, time_val = 0.008435, signal_val = 0.394989
DEBUG: Valor de ret = 2, time_val = 0.008458, signal_val = 0.260539
DEBUG: Valor de ret = 2, time_val = 0.008481, signal_val = 0.120809
DEBUG: Valor de ret = 2, time_val = 0.008503, signal_val = -0.021370
DEBUG: Valor de ret = 2, time_val = 0.008526, signal_val = -0.163115
DEBUG: Valor de ret = 2, time_val = 0.008549, signal_val = -0.301555
DEBUG: Valor de ret = 2, time_val = 0.008571, signal_val = -0.433884
DEBUG: Valor de ret = 2, time_val = 0.008594, signal_val = -0.557420
DEBUG: Valor de ret = 2, time_val = 0.008617, signal_val = -0.669660
DEBUG: Valor de ret = 2, time_val = 0.008639, signal_val = -0.768329
DEBUG: Valor de ret = 2, time_val = 0.008662, signal_val = -0.851428
DEBUG: Valor de ret = 2, time_val = 0.008685, signal_val = -0.917273
DEBUG: Valor de ret = 2, time_val = 0.008707, signal_val = -0.964529
DEBUG: Valor de ret = 2, time_val = 0.008730, signal_val = -0.992239
DEBUG: Valor de ret = 2, time_val = 0.008753, signal_val = -0.999841
DEBUG: Valor de ret = 2, time_val = 0.008776, signal_val = -0.987182
DEBUG: Valor de ret = 2, time_val = 0.008798, signal_val = -0.954517
DEBUG: Valor de ret = 2, time_val = 0.008821, signal_val = -0.902509
DEBUG: Valor de ret = 2, time_val = 0.008844, signal_val = -0.832211
DEBUG: Valor de ret = 2, time_val = 0.008866, signal_val = -0.745049
DEBUG: Valor de ret = 2, time_val = 0.008889, signal_val = -0.642788
DEBUG: Valor de ret = 2, time_val = 0.008912, signal_val = -0.527501
DEBUG: Valor de ret = 2, time_val = 0.008934, signal_val = -0.401524
DEBUG: Valor de ret = 2, time_val = 0.008957, signal_val = -0.267410
DEBUG: Valor de ret = 2, time_val = 0.008980, signal_val = -0.127877
DEBUG: Valor de ret = 2, time_val = 0.009002, signal_val = 0.014247
DEBUG: Valor de ret = 2, time_val = 0.009025, signal_val = 0.156083
DEBUG: Valor de ret = 2, time_val = 0.009048, signal_val = 0.294755
DEBUG: Valor de ret = 2, time_val = 0.009070, signal_val = 0.427454
DEBUG: Valor de ret = 2, time_val = 0.009093, signal_val = 0.551491
DEBUG: Valor de ret = 2, time_val = 0.009116, signal_val = 0.664352
DEBUG: Valor de ret = 2, time_val = 0.009138, signal_val = 0.763750
DEBUG: Valor de ret = 2, time_val = 0.009161, signal_val = 0.847670
DEBUG: Valor de ret = 2, time_val = 0.009184, signal_val = 0.914413
DEBUG: Valor de ret = 2, time_val = 0.009206, signal_val = 0.962624
DEBUG: Valor de ret = 2, time_val = 0.009229, signal_val = 0.991328
DEBUG: Valor de ret = 2, time_val = 0.009252, signal_val = 0.999943
DEBUG: Valor de ret = 2, time_val = 0.009274, signal_val = 0.988294
DEBUG: Valor de ret = 2, time_val = 0.009297, signal_val = 0.956617
DEBUG: Valor de ret = 2, time_val = 0.009320, signal_val = 0.905554
DEBUG: Valor de ret = 2, time_val = 0.009342, signal_val = 0.836140
DEBUG: Valor de ret = 2, time_val = 0.009365, signal_val = 0.749781
DEBUG: Valor de ret = 2, time_val = 0.009388, signal_val = 0.648228
DEBUG: Valor de ret = 2, time_val = 0.009410, signal_val = 0.533539
DEBUG: Valor de ret = 2, time_val = 0.009433, signal_val = 0.408038
DEBUG: Valor de ret = 2, time_val = 0.009456, signal_val = 0.274268
DEBUG: Valor de ret = 2, time_val = 0.009478, signal_val = 0.134939
DEBUG: Valor de ret = 2, time_val = 0.009501, signal_val = -0.007124
DEBUG: Valor de ret = 2, time_val = 0.009524, signal_val = -0.149042
DEBUG: Valor de ret = 2, time_val = 0.009546, signal_val = -0.287940
DEBUG: Valor de ret = 2, time_val = 0.009569, signal_val = -0.421004
DEBUG: Valor de ret = 2, time_val = 0.009592, signal_val = -0.545535
DEBUG: Valor de ret = 2, time_val = 0.009615, signal_val = -0.659011
DEBUG: Valor de ret = 2, time_val = 0.009637, signal_val = -0.759132
DEBUG: Valor de ret = 2, time_val = 0.009660, signal_val = -0.843870
DEBUG: Valor de ret = 2, time_val = 0.009683, signal_val = -0.911506
DEBUG: Valor de ret = 2, time_val = 0.009705, signal_val = -0.960670
DEBUG: Valor de ret = 2, time_val = 0.009728, signal_val = -0.990367
DEBUG: Valor de ret = 2, time_val = 0.009751, signal_val = -0.999994
DEBUG: Valor de ret = 2, time_val = 0.009773, signal_val = -0.989355
DEBUG: Valor de ret = 2, time_val = 0.009796, signal_val = -0.958668
DEBUG: Valor de ret = 2, time_val = 0.009819, signal_val = -0.908553
DEBUG: Valor de ret = 2, time_val = 0.009841, signal_val = -0.840026
DEBUG: Valor de ret = 2, time_val = 0.009864, signal_val = -0.754476
DEBUG: Valor de ret = 2, time_val = 0.009887, signal_val = -0.653636
DEBUG: Valor de ret = 2, time_val = 0.009909, signal_val = -0.539551
DEBUG: Valor de ret = 2, time_val = 0.009932, signal_val = -0.414531
DEBUG: Valor de ret = 2, time_val = 0.009955, signal_val = -0.281111
DEBUG: Valor de ret = 2, time_val = 0.009977, signal_val = -0.141994
DEBUG: Valor de ret = -1, time_val = 0.009977, signal_val = -0.141994
Procesamiento completado. Archivo de salida generado: './sin_output.txt'
Simulation complete via $finish(1) at time 0 FS + 0
./sin_tb.sv:59         $finish;
xcelium> exit
TOOL:	xrun(64)	24.03-s004: Exiting on Dec 01, 2025 at 12:17:20 CET  (total: 00:00:01)
