TOOL:	xrun(64)	24.03-s004: Started on Dec 01, 2025 at 12:51:01 CET
xrun
	-compile
	-nocopy
	-nostdout
	-nowarn DLNOHV
	-nowarn SPDUSD
	-messages
	-update
	-log /home/msegper/Documents/TFM/Virtuoso_connect/.cadence/dfII/TextSupport/Logs/Parser/systemverilog/top_level_DAC/systemVerilog/compile0.log
	-incdir "/home/msegper/Documents/TFM/Virtuoso_connect/"
	-sv
	-xmvlogargs " -messages "
	-cdslib /home/msegper/Documents/TFM/Virtuoso_connect/cds.lib
	-view systemVerilog
	-work top_level_DAC
	/home/msegper/Documents/TFM/Virtuoso_connect/top_level_DAC/Resistor_load/systemVerilog/verilog.sv
TOOL:	xrun(64)	24.03-s004: Exiting on Dec 01, 2025 at 12:51:02 CET  (total: 00:00:01)



 ========================================================================================================
		                  HDL IMPORT QUICK STATUS REPORT
 ========================================================================================================
 HDL SETUP MODE	: 0 - IMPROVED LEGACY FLOW
 ========================================================================================================
 HDL SETUP STATUS	: SUCCESS
 ========================================================================================================
 cds.lib USED	: "/home/msegper/Documents/TFM/Virtuoso_connect/cds.lib"
 ========================================================================================================
 COMPILER OPTIONS	: " -messages "
 ========================================================================================================
 PCDB DM CHECKS	: SUCCESS
 ========================================================================================================
 PCDB UPDATE REQUIRED	: YES
 ========================================================================================================
 IMPORT CONFIGURATION	: CHECK BELOW SETTINGS
		: generateShadow(false)
		: enableBlackBox(false)
		: enableSpecificUnit(true)
		: updateCDF(false)
 ========================================================================================================
 OVERALL IMPORT STATUS	: FAILED
 ========================================================================================================