TOOL:	xrun(64)	24.03-s004: Started on Dec 10, 2025 at 14:41:37 CET
xrun
	-compile
	-nocopy
	-nostdout
	-nowarn DLNOHV
	-nowarn SPDUSD
	-messages
	-update
	-log /home/msegper/Documents/TFM/Virtuoso_connect/.cadence/dfII/TextSupport/Logs/Parser/systemverilog/top_level_DAC/systemVerilog/compile5.log
	-incdir "/home/msegper/Documents/TFM/Virtuoso_connect/"
	-sv
	-cdslib /home/msegper/Documents/TFM/Virtuoso_connect/cds.lib
	-view systemVerilog
	-work top_level_DAC
	/home/msegper/Documents/TFM/Virtuoso_connect/top_level_DAC/currentSterring/systemVerilog/verilog.sv
Recompiling... reason: unable to stat '/./home/msegper/Documents/TFM/Virtuoso_connect/top_level_DAC/top_level_schematic/systemVerilog/verilog.sv'.
TOOL:	xrun(64)	24.03-s004: Exiting on Dec 10, 2025 at 14:41:37 CET  (total: 00:00:00)



 ========================================================================================================
		                  HDL IMPORT QUICK STATUS REPORT
 ========================================================================================================
 HDL SETUP MODE	: 0 - IMPROVED LEGACY FLOW
 ========================================================================================================
 HDL SETUP STATUS	: SUCCESS
 ========================================================================================================
 cds.lib USED	: "/home/msegper/Documents/TFM/Virtuoso_connect/cds.lib"
 ========================================================================================================
 COMPILER OPTIONS	: ""
 ========================================================================================================
 PCDB DM CHECKS	: SUCCESS
 ========================================================================================================
 PCDB UPDATE REQUIRED	: NO
 ========================================================================================================
 IMPORT CONFIGURATION	: CHECK BELOW SETTINGS
		: generateShadow(false)
		: enableBlackBox(false)
		: enableSpecificUnit(true)
		: updateCDF(false)
 ========================================================================================================
 OVERALL IMPORT STATUS	: SUCCESS
 ========================================================================================================