xrun(64): 24.03-s004: (c) Copyright 1995-2024 Cadence Design Systems, Inc.
TOOL:	xrun(64)	24.03-s004: Started on Dec 10, 2025 at 17:22:54 CET
xrun
	thermometer_decoder.sv
Recompiling... reason: file './thermometer_decoder.sv' is newer than expected.
	expected: Wed Dec 10 16:16:42 2025
	actual:   Wed Dec 10 17:22:29 2025
file: thermometer_decoder.sv
	module worklib.stimulus_processor:sv
		errors: 0, warnings: 0
		Caching library 'worklib' ....... Done
	Elaborating the design hierarchy:
	Top level design units:
		stimulus_processor
	Building instance overlay tables: .................... Done
	Generating native compiled code:
		worklib.stimulus_processor:sv <0x313aaf20>
			streams:   4, words:  7215
	Building instance specific data structures.
	Loading native compiled code:     .................... Done
	Design hierarchy summary:
		          Instances  Unique
		Modules:          1       1
		Registers:       18      18
		Initial blocks:   3       3
	Writing initial simulation snapshot: worklib.stimulus_processor:sv
Loading snapshot worklib.stimulus_processor:sv .................... Done
xcelium> source /eda/cadence/2024-25/RHELx86/XCELIUM_24.03.004/tools/xcelium/files/xmsimrc
xcelium> run
Archivo generado -> stimulus_input.txt
Simulation complete via $finish(1) at time 0 FS + 0
./thermometer_decoder.sv:67     $finish;
xcelium> exit
TOOL:	xrun(64)	24.03-s004: Exiting on Dec 10, 2025 at 17:22:56 CET  (total: 00:00:02)
